0 info it worked if it ends with ok
1 verbose cli [ '/usr/bin/node', '/usr/bin/npm', 'run', 'test' ]
2 info using npm@1.4.28
3 info using node@v0.10.37
4 verbose node symlink /usr/bin/node
5 verbose run-script [ 'pretest', 'test', 'posttest' ]
6 info pretest backbone@1.2.3
7 info test backbone@1.2.3
8 verbose unsafe-perm in lifecycle true
9 info backbone@1.2.3 Failed to exec test script
10 error backbone@1.2.3 test: `karma start && coffee test/model.coffee && npm run lint`
10 error Exit status 1
11 error Failed at the backbone@1.2.3 test script.
11 error This is most likely a problem with the backbone package,
11 error not with npm itself.
11 error Tell the author that this fails on your system:
11 error     karma start && coffee test/model.coffee && npm run lint
11 error You can get their info via:
11 error     npm owner ls backbone
11 error There is likely additional logging output above.
12 error System Linux 3.13.0-74-generic
13 error command "/usr/bin/node" "/usr/bin/npm" "run" "test"
14 error cwd /home/a_korolev/projects/backbone
15 error node -v v0.10.37
16 error npm -v 1.4.28
17 error code ELIFECYCLE
18 verbose exit [ 1, true ]
